Filename                                                                 Regions    Missed Regions     Cover   Functions  Missed Functions  Executed       Lines      Missed Lines     Cover    Branches   Missed Branches     Cover
------------------------------------------------------------------------------------------------------------------------------------------------------------------------------------------------------------------------------------------------------------------------------
codecoverage/dist/include/BaseProfiler.h                                       5                 5     0.00%           5                 5     0.00%          11                11     0.00%           0                 0         -
codecoverage/dist/include/double-conversion/double-to-string.h                 7                 7     0.00%           3                 3     0.00%          10                10     0.00%           0                 0         -
codecoverage/dist/include/double-conversion/string-to-double.h                 1                 1     0.00%           1                 1     0.00%           2                 2     0.00%           0                 0         -
codecoverage/dist/include/double-conversion/utils.h                           37                37     0.00%          11                11     0.00%          26                26     0.00%           2                 2     0.00%
codecoverage/dist/include/js/AllocPolicy.h                                    30                10    66.67%          20                 4    80.00%          68                19    72.06%           8                 5    37.50%
codecoverage/dist/include/js/AllocationRecording.h                             1                 1     0.00%           1                 1     0.00%           1                 1     0.00%           0                 0         -
codecoverage/dist/include/js/BigInt.h                                          1                 1     0.00%           1                 1     0.00%           3                 3     0.00%           0                 0         -
codecoverage/dist/include/js/CallAndConstruct.h                                7                 7     0.00%           4                 4     0.00%          14                14     0.00%           0                 0         -
codecoverage/dist/include/js/CallArgs.h                                       50                 9    82.00%          33                 8    75.76%          85                11    87.06%          10                 2    80.00%
codecoverage/dist/include/js/CallNonGenericMethod.h                            8                 2    75.00%           2                 0   100.00%          14                 2    85.71%           4                 2    50.00%
codecoverage/dist/include/js/CharacterEncoding.h                              42                27    35.71%          30                21    30.00%          45                32    28.89%           0                 0         -
codecoverage/dist/include/js/Class.h                                         181                41    77.35%          66                17    74.24%         185                53    71.35%          74                21    71.62%
codecoverage/dist/include/js/ComparisonOperators.h                            10                 1    90.00%          10                 1    90.00%          31                 3    90.32%           0                 0         -
codecoverage/dist/include/js/CompileOptions.h                                 65                39    40.00%          41                17    58.54%         156                87    44.23%           4                 2    50.00%
codecoverage/dist/include/js/ContextOptions.h                                 47                20    57.45%          47                20    57.45%         126                57    54.76%           0                 0         -
codecoverage/dist/include/js/Conversions.h                                    88                30    65.91%          24                12    50.00%         168                66    60.71%          46                17    63.04%
codecoverage/dist/include/js/Date.h                                           12                 4    66.67%           7                 3    57.14%          15                 5    66.67%           4                 2    50.00%
codecoverage/dist/include/js/Debug.h                                          10                10     0.00%          10                10     0.00%          15                15     0.00%           0                 0         -
codecoverage/dist/include/js/Equality.h                                        1                 1     0.00%           1                 1     0.00%           3                 3     0.00%           0                 0         -
codecoverage/dist/include/js/ErrorReport.h                                    22                 5    77.27%          19                 5    73.68%          31                 8    74.19%           0                 0         -
codecoverage/dist/include/js/Exception.h                                       6                 1    83.33%           6                 1    83.33%          11                 1    90.91%           0                 0         -
codecoverage/dist/include/js/ForOfIterator.h                                   2                 2     0.00%           2                 2     0.00%           2                 2     0.00%           0                 0         -
codecoverage/dist/include/js/GCAPI.h                                           8                 6    25.00%           8                 6    25.00%          11                 9    18.18%           0                 0         -
codecoverage/dist/include/js/GCHashTable.h                                   154                96    37.66%          70                44    37.14%         223               132    40.81%          50                31    38.00%
codecoverage/dist/include/js/GCPolicyAPI.h                                    15                11    26.67%           8                 4    50.00%          23                17    26.09%           6                 6     0.00%
codecoverage/dist/include/js/GCVariant.h                                      17                17     0.00%          11                11     0.00%          44                44     0.00%           4                 4     0.00%
codecoverage/dist/include/js/GCVector.h                                       79                27    65.82%          69                26    62.32%         142                50    64.79%           8                 2    75.00%
codecoverage/dist/include/js/HeapAPI.h                                       246               110    55.28%          55                21    61.82%         321               171    46.73%          48                18    62.50%
codecoverage/dist/include/js/Id.h                                            103                27    73.79%          48                14    70.83%         155                57    63.23%          12                 3    75.00%
codecoverage/dist/include/js/Initialization.h                                  3                 2    33.33%           3                 2    33.33%          14                10    28.57%           0                 0         -
codecoverage/dist/include/js/MemoryMetrics.h                                 761               761     0.00%          60                60     0.00%         261               261     0.00%          52                52     0.00%
codecoverage/dist/include/js/Object.h                                         20                10    50.00%           6                 4    33.33%          28                16    42.86%           4                 1    75.00%
codecoverage/dist/include/js/Principals.h                                     10                 9    10.00%           6                 5    16.67%          20                19     5.00%           4                 4     0.00%
codecoverage/dist/include/js/ProfilingFrameIterator.h                         44                44     0.00%          20                20     0.00%          45                45     0.00%           0                 0         -
codecoverage/dist/include/js/ProfilingStack.h                                 66                65     1.52%          33                32     3.03%         152               151     0.66%          12                12     0.00%
codecoverage/dist/include/js/Promise.h                                         5                 4    20.00%           5                 4    20.00%           5                 4    20.00%           0                 0         -
codecoverage/dist/include/js/PropertyDescriptor.h                            148                30    79.73%          72                12    83.33%         211                51    75.83%          16                 1    93.75%
codecoverage/dist/include/js/PropertySpec.h                                   56                23    58.93%          45                23    48.89%         137                87    36.50%           4                 0   100.00%
codecoverage/dist/include/js/Proxy.h                                          85                28    67.06%          46                14    69.57%         158                68    56.96%          22                15    31.82%
codecoverage/dist/include/js/Realm.h                                           4                 3    25.00%           2                 1    50.00%           8                 5    37.50%           2                 2     0.00%
codecoverage/dist/include/js/RealmOptions.h                                   59                33    44.07%          53                27    49.06%         130                73    43.85%           0                 0         -
codecoverage/dist/include/js/RefCounted.h                                     15                 0   100.00%           4                 0   100.00%          13                 0   100.00%           2                 0   100.00%
codecoverage/dist/include/js/RegExpFlags.h                                    26                 3    88.46%          23                 3    86.96%          53                 9    83.02%           0                 0         -
codecoverage/dist/include/js/Result.h                                          4                 4     0.00%           4                 4     0.00%           6                 6     0.00%           0                 0         -
codecoverage/dist/include/js/RootingAPI.h                                    156                38    75.64%         110                33    70.00%         291                95    67.35%           6                 5    16.67%
codecoverage/dist/include/js/ScalarType.h                                    162               138    14.81%           6                 4    33.33%         149               116    22.15%         180               132    26.67%
codecoverage/dist/include/js/SliceBudget.h                                    20                10    50.00%          15                 9    40.00%          26                17    34.62%           4                 3    25.00%
codecoverage/dist/include/js/SourceText.h                                     27                 4    85.19%          13                 2    84.62%          49                15    69.39%           6                 2    66.67%
codecoverage/dist/include/js/StableStringChars.h                              28                15    46.43%           8                 5    37.50%          28                16    42.86%           4                 2    50.00%
codecoverage/dist/include/js/Stack.h                                          15                11    26.67%           5                 4    20.00%          19                18     5.26%           4                 4     0.00%
codecoverage/dist/include/js/StreamConsumer.h                                  3                 3     0.00%           3                 3     0.00%           3                 3     0.00%           0                 0         -
codecoverage/dist/include/js/String.h                                         27                26     3.70%          18                17     5.56%         118               115     2.54%           2                 2     0.00%
codecoverage/dist/include/js/StructuredClone.h                                44                44     0.00%          36                36     0.00%         115               115     0.00%           4                 4     0.00%
codecoverage/dist/include/js/SweepingAPI.h                                    14                 2    85.71%          12                 2    83.33%          25                 2    92.00%           2                 1    50.00%
codecoverage/dist/include/js/Symbol.h                                          3                 0   100.00%           1                 0   100.00%           3                 0   100.00%           4                 1    75.00%
codecoverage/dist/include/js/TraceKind.h                                     150               129    14.00%           4                 3    25.00%          36                32    11.11%          52                35    32.69%
codecoverage/dist/include/js/TracingAPI.h                                     81                33    59.26%          45                21    53.33%         111                52    53.15%           0                 0         -
codecoverage/dist/include/js/Transcoding.h                                     5                 5     0.00%           5                 5     0.00%          22                22     0.00%           0                 0         -
codecoverage/dist/include/js/TypeDecls.h                                       1                 0   100.00%           1                 0   100.00%           1                 0   100.00%           0                 0         -
codecoverage/dist/include/js/UbiNode.h                                       159               159     0.00%         127               127     0.00%         247               247     0.00%           2                 2     0.00%
codecoverage/dist/include/js/UbiNodeBreadthFirst.h                            59                59     0.00%          10                10     0.00%          63                63     0.00%          28                28     0.00%
codecoverage/dist/include/js/UbiNodeCensus.h                                  15                15     0.00%          10                10     0.00%          25                25     0.00%           2                 2     0.00%
codecoverage/dist/include/js/UbiNodeShortestPaths.h                          120               120     0.00%          15                15     0.00%         125               125     0.00%          38                38     0.00%
codecoverage/dist/include/js/UbiNodeUtils.h                                    7                 7     0.00%           4                 4     0.00%          11                11     0.00%           2                 2     0.00%
codecoverage/dist/include/js/UniquePtr.h                                       1                 0   100.00%           1                 0   100.00%           3                 0   100.00%           0                 0         -
codecoverage/dist/include/js/Utility.h                                       157                89    43.31%          33                12    63.64%         119                37    68.91%          40                29    27.50%
codecoverage/dist/include/js/Value.h                                         424                90    78.77%         170                34    80.00%         608               150    75.33%          74                19    74.32%
codecoverage/dist/include/js/ValueArray.h                                     26                12    53.85%          17                 9    47.06%          30                14    53.33%           0                 0         -
codecoverage/dist/include/js/Warnings.h                                        5                 5     0.00%           2                 2     0.00%           8                 8     0.00%           0                 0         -
codecoverage/dist/include/js/WasmModule.h                                      1                 0   100.00%           1                 0   100.00%           1                 0   100.00%           0                 0         -
codecoverage/dist/include/js/WeakMapPtr.h                                      6                 6     0.00%           3                 3     0.00%           3                 3     0.00%           0                 0         -
codecoverage/dist/include/js/Wrapper.h                                        32                16    50.00%          16                 9    43.75%          40                21    47.50%          10                 2    80.00%
codecoverage/dist/include/js/experimental/CTypes.h                             2                 2     0.00%           2                 2     0.00%           7                 7     0.00%           0                 0         -
codecoverage/dist/include/js/experimental/JSStencil.h                          4                 2    50.00%           4                 2    50.00%           6                 4    33.33%           0                 0         -
codecoverage/dist/include/js/experimental/JitInfo.h                           27                23    14.81%          22                20     9.09%          42                38     9.52%           4                 2    50.00%
codecoverage/dist/include/js/experimental/SourceHook.h                         1                 1     0.00%           1                 1     0.00%           1                 1     0.00%           0                 0         -
codecoverage/dist/include/js/experimental/TypedData.h                         78                78     0.00%          35                35     0.00%         145               145     0.00%          38                38     0.00%
codecoverage/dist/include/js/friend/DOMProxy.h                                 4                 4     0.00%           4                 4     0.00%           8                 8     0.00%           0                 0         -
codecoverage/dist/include/js/friend/StackLimits.h                             35                12    65.71%          13                 4    69.23%          76                28    63.16%          12                 6    50.00%
codecoverage/dist/include/js/friend/WindowProxy.h                              8                 1    87.50%           2                 0   100.00%          12                 2    83.33%           4                 1    75.00%
codecoverage/dist/include/js/shadow/Function.h                                 3                 3     0.00%           3                 3     0.00%           9                 9     0.00%           0                 0         -
codecoverage/dist/include/js/shadow/Object.h                                   6                 1    83.33%           3                 0   100.00%          15                 1    93.33%           2                 1    50.00%
codecoverage/dist/include/js/shadow/Realm.h                                    3                 0   100.00%           3                 0   100.00%           5                 0   100.00%           0                 0         -
codecoverage/dist/include/js/shadow/String.h                                  14                12    14.29%          14                12    14.29%          44                37    15.91%           0                 0         -
codecoverage/dist/include/js/shadow/Symbol.h                                   1                 1     0.00%           1                 1     0.00%           3                 3     0.00%           0                 0         -
codecoverage/dist/include/js/shadow/Zone.h                                    40                13    67.50%          19                 4    78.95%          37                10    72.97%          12                 7    41.67%
codecoverage/dist/include/mozilla/Alignment.h                                  2                 1    50.00%           2                 1    50.00%           2                 1    50.00%           0                 0         -
codecoverage/dist/include/mozilla/AllocPolicy.h                               15                 9    40.00%           9                 5    44.44%          25                14    44.00%           4                 3    25.00%
codecoverage/dist/include/mozilla/AlreadyAddRefed.h                            3                 1    66.67%           3                 1    66.67%           7                 1    85.71%           0                 0         -
codecoverage/dist/include/mozilla/Array.h                                     38                28    26.32%          10                 4    60.00%          26                10    61.54%           4                 2    50.00%
codecoverage/dist/include/mozilla/ArrayUtils.h                                 6                 1    83.33%           3                 1    66.67%          10                 3    70.00%           0                 0         -
codecoverage/dist/include/mozilla/Assertions.h                                19                19     0.00%           4                 4     0.00%          41                41     0.00%           0                 0         -
codecoverage/dist/include/mozilla/Atomics.h                                   41                 3    92.68%          41                 3    92.68%          84                 9    89.29%           0                 0         -
codecoverage/dist/include/mozilla/AutoProfilerLabel.h                          1                 1     0.00%           1                 1     0.00%           3                 3     0.00%           0                 0         -
codecoverage/dist/include/mozilla/BaseProfileJSONWriter.h                     35                35     0.00%          35                35     0.00%         250               250     0.00%           0                 0         -
codecoverage/dist/include/mozilla/BaseProfilerDetail.h                        27                27     0.00%          27                27     0.00%         108               108     0.00%           0                 0         -
codecoverage/dist/include/mozilla/BaseProfilerMarkers.h                       10                10     0.00%          10                10     0.00%          62                62     0.00%           0                 0         -
codecoverage/dist/include/mozilla/BaseProfilerMarkersDetail.h                 16                16     0.00%          16                16     0.00%         141               141     0.00%           0                 0         -
codecoverage/dist/include/mozilla/BaseProfilerMarkersPrerequisites.h          65                65     0.00%          65                65     0.00%         248               248     0.00%           0                 0         -
codecoverage/dist/include/mozilla/BaseProfilerState.h                          2                 2     0.00%           2                 2     0.00%           2                 2     0.00%           0                 0         -
codecoverage/dist/include/mozilla/BaseProfilerUtils.h                         14                14     0.00%          14                14     0.00%          44                44     0.00%           0                 0         -
codecoverage/dist/include/mozilla/BinarySearch.h                              22                 4    81.82%           4                 0   100.00%          35                 5    85.71%          10                 3    70.00%
codecoverage/dist/include/mozilla/BitSet.h                                    23                 2    91.30%          12                 2    83.33%          30                 2    93.33%           2                 0   100.00%
codecoverage/dist/include/mozilla/BloomFilter.h                               14                 0   100.00%          12                 0   100.00%          35                 0   100.00%           4                 1    75.00%
codecoverage/dist/include/mozilla/Buffer.h                                    15                15     0.00%          12                12     0.00%          24                24     0.00%           0                 0         -
codecoverage/dist/include/mozilla/BufferList.h                               350               350     0.00%          26                26     0.00%         210               210     0.00%          40                40     0.00%
codecoverage/dist/include/mozilla/Casting.h                                    6                 0   100.00%           3                 0   100.00%          21                 0   100.00%           0                 0         -
codecoverage/dist/include/mozilla/ChaosMode.h                                  5                 5     0.00%           5                 5     0.00%          18                18     0.00%           0                 0         -
codecoverage/dist/include/mozilla/CheckedInt.h                                65                31    52.31%          18                 2    88.89%          80                20    75.00%          28                22    21.43%
codecoverage/dist/include/mozilla/CompactPair.h                               15                 6    60.00%          15                 6    60.00%          18                 9    50.00%           0                 0         -
codecoverage/dist/include/mozilla/Compression.h                                2                 2     0.00%           2                 2     0.00%           6                 6     0.00%           0                 0         -
codecoverage/dist/include/mozilla/DebugOnly.h                                  9                 3    66.67%           9                 3    66.67%           9                 3    66.67%           0                 0         -
codecoverage/dist/include/mozilla/DoublyLinkedList.h                          64                59     7.81%          19                17    10.53%          77                72     6.49%          14                14     0.00%
codecoverage/dist/include/mozilla/EndianUtils.h                               48                27    43.75%          20                11    45.00%         110                68    38.18%           6                 6     0.00%
codecoverage/dist/include/mozilla/EnumSet.h                                   87                28    67.82%          25                 9    64.00%         112                49    56.25%          10                 0   100.00%
codecoverage/dist/include/mozilla/EnumeratedArray.h                            7                 2    71.43%           7                 2    71.43%           9                 2    77.78%           0                 0         -
codecoverage/dist/include/mozilla/EnumeratedRange.h                           12                 0   100.00%           9                 0   100.00%          19                 0   100.00%           0                 0         -
codecoverage/dist/include/mozilla/FastBernoulliTrial.h                        28                17    39.29%           6                 3    50.00%          50                36    28.00%          14                11    21.43%
codecoverage/dist/include/mozilla/FloatingPoint.h                             70                 8    88.57%          22                 4    81.82%         188                44    76.60%          18                 2    88.89%
codecoverage/dist/include/mozilla/HashFunctions.h                             33                 9    72.73%          24                 6    75.00%         107                24    77.57%           6                 2    66.67%
codecoverage/dist/include/mozilla/HashTable.h                                591                92    84.43%         201                31    84.58%         869               187    78.48%         154                45    70.78%
codecoverage/dist/include/mozilla/IntegerRange.h                              11                 0   100.00%           8                 0   100.00%          18                 0   100.00%           0                 0         -
codecoverage/dist/include/mozilla/JSONWriter.h                                34                34     0.00%          34                34     0.00%         201               201     0.00%           0                 0         -
codecoverage/dist/include/mozilla/Latin1.h                                    32                23    28.12%          10                 8    20.00%          75                54    28.00%          12                 9    25.00%
codecoverage/dist/include/mozilla/Likely.h                                     1                 1     0.00%           1                 1     0.00%           1                 1     0.00%           0                 0         -
codecoverage/dist/include/mozilla/LinkedList.h                               112                31    72.32%          38                 1    97.37%         133                16    87.97%          20                 7    65.00%
codecoverage/dist/include/mozilla/MathAlgorithms.h                            76                 8    89.47%          29                 6    79.31%         116                16    86.21%          14                 3    78.57%
codecoverage/dist/include/mozilla/Maybe.h                                    371               192    48.25%          63                13    79.37%         235                52    77.87%          34                16    52.94%
codecoverage/dist/include/mozilla/MaybeOneOf.h                                32                 0   100.00%          13                 0   100.00%          41                 0   100.00%           6                 1    83.33%
codecoverage/dist/include/mozilla/MaybeStorageBase.h                          16                 3    81.25%          16                 3    81.25%          16                 3    81.25%           0                 0         -
codecoverage/dist/include/mozilla/NotNull.h                                    3                 3     0.00%           3                 3     0.00%           6                 6     0.00%           0                 0         -
codecoverage/dist/include/mozilla/OperatorNewExtensions.h                      4                 0   100.00%           1                 0   100.00%           4                 0   100.00%           0                 0         -
codecoverage/dist/include/mozilla/PodOperations.h                             21                 0   100.00%           6                 0   100.00%          35                 4    88.57%           6                 0   100.00%
codecoverage/dist/include/mozilla/Poison.h                                    11                 3    72.73%           5                 3    40.00%          20                10    50.00%           2                 0   100.00%
codecoverage/dist/include/mozilla/Printf.h                                    31                 8    74.19%          11                 2    81.82%          52                11    78.85%          14                 7    50.00%
codecoverage/dist/include/mozilla/ProfileBufferChunk.h                        34                34     0.00%          34                34     0.00%         222               222     0.00%           0                 0         -
codecoverage/dist/include/mozilla/ProfileBufferChunkManager.h                  1                 1     0.00%           1                 1     0.00%           6                 6     0.00%           0                 0         -
codecoverage/dist/include/mozilla/ProfileBufferChunkManagerSingle.h           15                15     0.00%          15                15     0.00%          81                81     0.00%           0                 0         -
codecoverage/dist/include/mozilla/ProfileBufferEntrySerialization.h           57                57     0.00%          57                57     0.00%         343               343     0.00%           0                 0         -
codecoverage/dist/include/mozilla/ProfileBufferIndex.h                        12                12     0.00%          12                12     0.00%          28                28     0.00%           0                 0         -
codecoverage/dist/include/mozilla/ProfileChunkedBuffer.h                      69                69     0.00%          69                69     0.00%         873               873     0.00%           0                 0         -
codecoverage/dist/include/mozilla/ProfileChunkedBufferDetail.h                18                18     0.00%          18                18     0.00%         302               302     0.00%           0                 0         -
codecoverage/dist/include/mozilla/ProgressLogger.h                            29                29     0.00%          29                29     0.00%         216               216     0.00%           0                 0         -
codecoverage/dist/include/mozilla/ProportionValue.h                           19                19     0.00%          19                19     0.00%          97                97     0.00%           0                 0         -
codecoverage/dist/include/mozilla/Range.h                                     18                10    44.44%          10                 3    70.00%          18                 9    50.00%           2                 1    50.00%
codecoverage/dist/include/mozilla/RangedPtr.h                                 76                 3    96.05%          25                 3    88.00%          94                 9    90.43%           0                 0         -
codecoverage/dist/include/mozilla/ReentrancyGuard.h                            2                 0   100.00%           2                 0   100.00%           4                 0   100.00%           0                 0         -
codecoverage/dist/include/mozilla/RefCounted.h                                 8                 8     0.00%           8                 8     0.00%          74                74     0.00%           0                 0         -
codecoverage/dist/include/mozilla/RefPtr.h                                    58                 5    91.38%          40                 5    87.50%         127                15    88.19%          12                 2    83.33%
codecoverage/dist/include/mozilla/Result.h                                   114                83    27.19%          48                32    33.33%         155               112    27.74%          14                12    14.29%
codecoverage/dist/include/mozilla/ResultVariant.h                              2                 2     0.00%           2                 2     0.00%           2                 2     0.00%           0                 0         -
codecoverage/dist/include/mozilla/ReverseIterator.h                            4                 4     0.00%           4                 4     0.00%           6                 6     0.00%           0                 0         -
codecoverage/dist/include/mozilla/ScopeExit.h                                  6                 0   100.00%           4                 0   100.00%          10                 0   100.00%           2                 0   100.00%
codecoverage/dist/include/mozilla/SegmentedVector.h                          111                41    63.06%          23                 5    78.26%         129                43    66.67%          26                13    50.00%
codecoverage/dist/include/mozilla/Span.h                                     213               116    45.54%          53                18    66.04%         137                60    56.20%          12                 6    50.00%
codecoverage/dist/include/mozilla/Sprintf.h                                   14                 2    85.71%           6                 1    83.33%          44                14    68.18%           4                 2    50.00%
codecoverage/dist/include/mozilla/TaggedAnonymousMemory.h                      3                 1    66.67%           3                 1    66.67%          10                 5    50.00%           0                 0         -
codecoverage/dist/include/mozilla/TextUtils.h                                 63                20    68.25%          18                 8    55.56%          90                44    51.11%          48                16    66.67%
codecoverage/dist/include/mozilla/ThreadLocal.h                               48                24    50.00%           8                 0   100.00%          37                 2    94.59%           4                 1    75.00%
codecoverage/dist/include/mozilla/TimeStamp.h                                115                36    68.70%          46                13    71.74%         160                51    68.12%          22                12    45.45%
codecoverage/dist/include/mozilla/Tuple.h                                     26                 8    69.23%          26                 8    69.23%          61                27    55.74%           0                 0         -
codecoverage/dist/include/mozilla/TypedEnumBits.h                              5                 5     0.00%           5                 5     0.00%          13                13     0.00%           0                 0         -
codecoverage/dist/include/mozilla/UniquePtr.h                                 58                 9    84.48%          46                 9    80.43%         143                23    83.92%           6                 0   100.00%
codecoverage/dist/include/mozilla/UniquePtrExtensions.h                        5                 5     0.00%           5                 5     0.00%          10                10     0.00%           0                 0         -
codecoverage/dist/include/mozilla/Unused.h                                     1                 1     0.00%           1                 1     0.00%           1                 1     0.00%           0                 0         -
codecoverage/dist/include/mozilla/Utf8.h                                      71                61    14.08%          26                16    38.46%         159               127    20.13%          28                28     0.00%
codecoverage/dist/include/mozilla/Variant.h                                  226               120    46.90%          45                 7    84.44%         267                56    79.03%          16                 7    56.25%
codecoverage/dist/include/mozilla/Vector.h                                   672               123    81.70%         100                21    79.00%         719               249    65.37%         150                58    61.33%
codecoverage/dist/include/mozilla/WrappingOperations.h                        15                 1    93.33%           9                 0   100.00%          30                 0   100.00%           2                 0   100.00%
codecoverage/dist/include/mozilla/XorShift128PlusRNG.h                         9                 3    66.67%           6                 3    50.00%          28                12    57.14%           0                 0         -
codecoverage/dist/include/mozilla/cxxalloc.h                                  20                16    20.00%           8                 6    25.00%          24                18    25.00%           0                 0         -
codecoverage/dist/include/mozilla/intl/BidiEmbeddingLevel.h                    3                 3     0.00%           3                 3     0.00%           3                 3     0.00%           0                 0         -
codecoverage/dist/include/mozilla/intl/Calendar.h                              5                 5     0.00%           2                 2     0.00%           4                 4     0.00%           0                 0         -
codecoverage/dist/include/mozilla/intl/Collator.h                              1                 1     0.00%           1                 1     0.00%           4                 4     0.00%           0                 0         -
codecoverage/dist/include/mozilla/intl/DateIntervalFormat.h                    1                 1     0.00%           1                 1     0.00%           1                 1     0.00%           0                 0         -
codecoverage/dist/include/mozilla/intl/DateTimeFormat.h                       56                56     0.00%           8                 8     0.00%          89                89     0.00%          12                12     0.00%
codecoverage/dist/include/mozilla/intl/DateTimePart.h                          1                 1     0.00%           1                 1     0.00%           1                 1     0.00%           0                 0         -
codecoverage/dist/include/mozilla/intl/DateTimePatternGenerator.h             22                22     0.00%           8                 8     0.00%          59                59     0.00%           4                 4     0.00%
codecoverage/dist/include/mozilla/intl/DisplayNames.h                        288               288     0.00%          27                27     0.00%         502               502     0.00%         180               180     0.00%
codecoverage/dist/include/mozilla/intl/ICU4CGlue.h                           149               149     0.00%          48                48     0.00%         247               247     0.00%          44                44     0.00%
codecoverage/dist/include/mozilla/intl/ICUError.h                              5                 5     0.00%           5                 5     0.00%          11                11     0.00%           0                 0         -
codecoverage/dist/include/mozilla/intl/IDNA.h                                  5                 5     0.00%           5                 5     0.00%          12                12     0.00%           0                 0         -
codecoverage/dist/include/mozilla/intl/ListFormat.h                           49                49     0.00%           4                 4     0.00%          64                64     0.00%          22                22     0.00%
codecoverage/dist/include/mozilla/intl/Locale.h                              186               186     0.00%          75                75     0.00%         201               201     0.00%          90                90     0.00%
codecoverage/dist/include/mozilla/intl/MeasureUnit.h                           7                 7     0.00%           7                 7     0.00%          23                23     0.00%           0                 0         -
codecoverage/dist/include/mozilla/intl/NumberFormat.h                         13                13     0.00%           4                 4     0.00%          22                22     0.00%           6                 6     0.00%
codecoverage/dist/include/mozilla/intl/NumberParser.h                          1                 1     0.00%           1                 1     0.00%           1                 1     0.00%           0                 0         -
codecoverage/dist/include/mozilla/intl/NumberPart.h                            2                 2     0.00%           2                 2     0.00%           4                 4     0.00%           0                 0         -
codecoverage/dist/include/mozilla/intl/NumberRangeFormat.h                    47                47     0.00%           5                 5     0.00%          47                47     0.00%          36                36     0.00%
codecoverage/dist/include/mozilla/intl/NumberingSystem.h                       4                 4     0.00%           1                 1     0.00%           3                 3     0.00%           0                 0         -
codecoverage/dist/include/mozilla/intl/PluralRules.h                          14                14     0.00%           2                 2     0.00%          35                35     0.00%          12                12     0.00%
codecoverage/dist/include/mozilla/intl/RelativeTimeFormat.h                   14                14     0.00%           2                 2     0.00%          35                35     0.00%           2                 2     0.00%
codecoverage/dist/include/mozilla/intl/String.h                               79                79     0.00%           9                 9     0.00%         133               133     0.00%          26                26     0.00%
codecoverage/dist/include/mozilla/intl/TimeZone.h                             36                31    13.89%           7                 5    28.57%          52                48     7.69%           8                 8     0.00%
codecoverage/dist/include/mozilla/leb128iterator.h                             5                 5     0.00%           5                 5     0.00%         102               102     0.00%           0                 0         -
codecoverage/dist/include/mozilla/mozalloc.h                                   2                 2     0.00%           2                 2     0.00%           2                 2     0.00%           0                 0         -
codecoverage/dist/include/mozjemalloc_types.h                                  3                 3     0.00%           3                 3     0.00%           9                 9     0.00%           0                 0         -
codecoverage/dist/include/mozmemory.h                                          7                 2    71.43%           2                 1    50.00%           9                 3    66.67%           2                 1    50.00%
codecoverage/dist/include/unicode/basictz.h                                    1                 1     0.00%           1                 1     0.00%           1                 1     0.00%           0                 0         -
codecoverage/dist/include/unicode/bytestream.h                                 5                 5     0.00%           5                 5     0.00%           7                 7     0.00%           0                 0         -
codecoverage/dist/include/unicode/bytestrie.h                                  1                 1     0.00%           1                 1     0.00%           1                 1     0.00%           0                 0         -
codecoverage/dist/include/unicode/calendar.h                                   5                 5     0.00%           5                 5     0.00%          12                12     0.00%           0                 0         -
codecoverage/dist/include/unicode/char16ptr.h                                 15                 5    66.67%          13                 5    61.54%          38                26    31.58%           0                 0         -
codecoverage/dist/include/unicode/chariter.h                                   5                 5     0.00%           5                 5     0.00%          15                15     0.00%           0                 0         -
codecoverage/dist/include/unicode/coll.h                                       4                 4     0.00%           4                 4     0.00%          12                12     0.00%           0                 0         -
codecoverage/dist/include/unicode/currunit.h                                   1                 1     0.00%           1                 1     0.00%           3                 3     0.00%           0                 0         -
codecoverage/dist/include/unicode/dcfmtsym.h                                  37                37     0.00%           6                 6     0.00%          44                44     0.00%          22                22     0.00%
codecoverage/dist/include/unicode/fieldpos.h                                   8                 8     0.00%           8                 8     0.00%           8                 8     0.00%           0                 0         -
codecoverage/dist/include/unicode/fmtable.h                                   20                20     0.00%          15                15     0.00%          37                37     0.00%           4                 4     0.00%
codecoverage/dist/include/unicode/localematcher.h                              7                 7     0.00%           7                 7     0.00%          12                12     0.00%           0                 0         -
codecoverage/dist/include/unicode/localpointer.h                              39                37     5.13%          26                25     3.85%          72                68     5.56%          12                11     8.33%
codecoverage/dist/include/unicode/locid.h                                      5                 5     0.00%           5                 5     0.00%          15                15     0.00%           0                 0         -
codecoverage/dist/include/unicode/measunit.h                                   2                 2     0.00%           2                 2     0.00%           8                 8     0.00%           0                 0         -
codecoverage/dist/include/unicode/measure.h                                    1                 1     0.00%           1                 1     0.00%           3                 3     0.00%           0                 0         -
codecoverage/dist/include/unicode/nounit.h                                     3                 3     0.00%           3                 3     0.00%           9                 9     0.00%           0                 0         -
codecoverage/dist/include/unicode/numfmt.h                                     2                 2     0.00%           2                 2     0.00%           6                 6     0.00%           0                 0         -
codecoverage/dist/include/unicode/plurrule.h                                   1                 1     0.00%           1                 1     0.00%           1                 1     0.00%           0                 0         -
codecoverage/dist/include/unicode/rep.h                                        3                 2    33.33%           3                 2    33.33%           7                 6    14.29%           0                 0         -
codecoverage/dist/include/unicode/stringpiece.h                               10                 8    20.00%          10                 8    20.00%          28                26     7.14%           0                 0         -
codecoverage/dist/include/unicode/stringtriebuilder.h                          9                 9     0.00%           6                 6     0.00%           6                 6     0.00%           2                 2     0.00%
codecoverage/dist/include/unicode/timezone.h                                   3                 3     0.00%           3                 3     0.00%           8                 8     0.00%           0                 0         -
codecoverage/dist/include/unicode/ucharstrie.h                                23                23     0.00%           8                 8     0.00%          44                44     0.00%          10                10     0.00%
codecoverage/dist/include/unicode/uniset.h                                     5                 5     0.00%           5                 5     0.00%          27                27     0.00%           0                 0         -
codecoverage/dist/include/unicode/unistr.h                                    93                74    20.43%          59                52    11.86%         160               134    16.25%          28                20    28.57%
codecoverage/dist/include/unicode/uobject.h                                    4                 4     0.00%           4                 4     0.00%          10                10     0.00%           0                 0         -
codecoverage/dist/include/unicode/utypes.h                                     2                 0   100.00%           2                 0   100.00%           2                 0   100.00%           0                 0         -
codecoverage/js/src/jit/AtomicOperationsGenerated.h                           49                41    16.33%          49                41    16.33%         747               691     7.50%           0                 0         -
codecoverage/js/src/jit/CacheIROpsGenerated.h                               1693              1375    18.78%        1693              1375    18.78%       10799              9028    16.40%           0                 0         -
codecoverage/js/src/jit/LIROpsGenerated.h                                   1316              1123    14.67%        1316              1123    14.67%        2586              2199    14.97%           0                 0         -
codecoverage/js/src/jit/MIROpsGenerated.h                                    489               424    13.29%         489               424    13.29%        1016               865    14.86%           0                 0         -
codecoverage/js/src/selfhosted.out.h                                           2                 0   100.00%           2                 0   100.00%           6                 0   100.00%           0                 0         -
intl/components/src/Bidi.cpp                                                 122               122     0.00%          11                11     0.00%          90                90     0.00%          40                40     0.00%
intl/components/src/BidiEmbeddingLevel.cpp                                    18                18     0.00%          11                11     0.00%          25                25     0.00%           2                 2     0.00%
intl/components/src/Calendar.cpp                                             117               117     0.00%          11                11     0.00%         119               119     0.00%          46                46     0.00%
intl/components/src/Collator.cpp                                             189               189     0.00%          17                17     0.00%         222               222     0.00%         120               120     0.00%
intl/components/src/Currency.cpp                                               8                 8     0.00%           1                 1     0.00%           8                 8     0.00%           2                 2     0.00%
intl/components/src/DateIntervalFormat.cpp                                   176               176     0.00%           7                 7     0.00%         166               166     0.00%          62                62     0.00%
intl/components/src/DateTimeFormat.cpp                                       965               965     0.00%          37                37     0.00%         865               865     0.00%         588               588     0.00%
intl/components/src/DateTimeFormatUtils.cpp                                   49                49     0.00%           1                 1     0.00%          70                70     0.00%          80                80     0.00%
intl/components/src/DateTimePatternGenerator.cpp                              26                26     0.00%           4                 4     0.00%          28                28     0.00%           8                 8     0.00%
intl/components/src/DisplayNames.cpp                                         103               103     0.00%           7                 7     0.00%         143               143     0.00%          76                76     0.00%
intl/components/src/ICU4CGlue.cpp                                             18                15    16.67%           3                 2    33.33%          24                19    20.83%           8                 7    12.50%
intl/components/src/ICU4CGlue.h                                               51                51     0.00%          17                17     0.00%          73                73     0.00%          12                12     0.00%
intl/components/src/ICU4CLibrary.cpp                                          21                 7    66.67%           4                 2    50.00%          19                10    47.37%           0                 0         -
intl/components/src/IDNA.cpp                                                  15                15     0.00%           2                 2     0.00%          13                13     0.00%           4                 4     0.00%
intl/components/src/ListFormat.cpp                                            90                90     0.00%           6                 6     0.00%         103               103     0.00%          42                42     0.00%
intl/components/src/Locale.cpp                                               727               727     0.00%          54                54     0.00%         903               903     0.00%         426               426     0.00%
intl/components/src/LocaleCanonicalizer.cpp                                   13                13     0.00%           2                 2     0.00%          19                19     0.00%           6                 6     0.00%
intl/components/src/LocaleGenerated.cpp                                      711               711     0.00%          32                32     0.00%         953               953     0.00%         482               482     0.00%
intl/components/src/MeasureUnit.cpp                                           70                70     0.00%           5                 5     0.00%          69                69     0.00%          16                16     0.00%
intl/components/src/NumberFormat.cpp                                         105               105     0.00%          11                11     0.00%         102               102     0.00%          34                34     0.00%
intl/components/src/NumberFormat.h                                             1                 1     0.00%           1                 1     0.00%           1                 1     0.00%           0                 0         -
intl/components/src/NumberFormatFields.cpp                                   201               201     0.00%          10                10     0.00%         311               311     0.00%         102               102     0.00%
intl/components/src/NumberFormatFields.h                                      14                14     0.00%           4                 4     0.00%          16                16     0.00%           8                 8     0.00%
intl/components/src/NumberFormatterSkeleton.cpp                              368               368     0.00%          23                23     0.00%         381               381     0.00%         248               248     0.00%
intl/components/src/NumberFormatterSkeleton.h                                 10                10     0.00%           5                 5     0.00%          19                19     0.00%           4                 4     0.00%
intl/components/src/NumberParser.cpp                                          29                29     0.00%           3                 3     0.00%          29                29     0.00%           8                 8     0.00%
intl/components/src/NumberRangeFormat.cpp                                    155               155     0.00%           8                 8     0.00%         145               145     0.00%          50                50     0.00%
intl/components/src/NumberingSystem.cpp                                       24                24     0.00%           3                 3     0.00%          19                19     0.00%           4                 4     0.00%
intl/components/src/PluralRules.cpp                                           95                95     0.00%           8                 8     0.00%         120               120     0.00%          40                40     0.00%
intl/components/src/RelativeTimeFormat.cpp                                    99                99     0.00%           6                 6     0.00%         108               108     0.00%          46                46     0.00%
intl/components/src/ScopedICUObject.h                                          5                 5     0.00%           3                 3     0.00%          11                11     0.00%           2                 2     0.00%
intl/components/src/String.cpp                                                 2                 2     0.00%           1                 1     0.00%           3                 3     0.00%           0                 0         -
intl/components/src/TimeZone.cpp                                              63                45    28.57%          10                 6    40.00%         110                66    40.00%          24                18    25.00%
intl/icu/source/common/appendable.cpp                                         35                35     0.00%           5                 5     0.00%          37                37     0.00%          22                22     0.00%
intl/icu/source/common/bmpset.cpp                                            516               516     0.00%          12                12     0.00%         535               535     0.00%         358               358     0.00%
intl/icu/source/common/bmpset.h                                                1                 1     0.00%           1                 1     0.00%           3                 3     0.00%           0                 0         -
intl/icu/source/common/brkeng.cpp                                            184               184     0.00%          15                15     0.00%         185               185     0.00%          82                82     0.00%
intl/icu/source/common/brkiter.cpp                                           244               244     0.00%          32                32     0.00%         292               292     0.00%          96                96     0.00%
intl/icu/source/common/bytesinkutil.cpp                                      112               112     0.00%          12                12     0.00%         104               104     0.00%          52                52     0.00%
intl/icu/source/common/bytesinkutil.h                                          2                 2     0.00%           2                 2     0.00%           8                 8     0.00%           0                 0         -
intl/icu/source/common/bytestream.cpp                                         43                43     0.00%           7                 7     0.00%          51                51     0.00%          20                20     0.00%
intl/icu/source/common/bytestrie.cpp                                         266               266     0.00%          13                13     0.00%         359               359     0.00%         162               162     0.00%
intl/icu/source/common/bytestriebuilder.cpp                                  257               257     0.00%          34                34     0.00%         381               381     0.00%         118               118     0.00%
intl/icu/source/common/caniter.cpp                                           341               341     0.00%          11                11     0.00%         327               327     0.00%         172               172     0.00%
intl/icu/source/common/capi_helper.h                                          14                14     0.00%           5                 5     0.00%          29                29     0.00%           6                 6     0.00%
intl/icu/source/common/characterproperties.cpp                               274               274     0.00%          12                12     0.00%         303               303     0.00%         150               150     0.00%
intl/icu/source/common/chariter.cpp                                           37                37     0.00%          11                11     0.00%          58                58     0.00%          22                22     0.00%
intl/icu/source/common/charstr.cpp                                           226               163    27.88%          18                14    22.22%         207               160    22.71%         118                96    18.64%
intl/icu/source/common/charstr.h                                              23                10    56.52%          16                 3    81.25%          33                 7    78.79%           6                 6     0.00%
intl/icu/source/common/charstrmap.h                                           35                35     0.00%           7                 7     0.00%          20                20     0.00%           0                 0         -
intl/icu/source/common/cmemory.cpp                                            56                42    25.00%           6                 3    50.00%          67                44    34.33%          26                22    15.38%
intl/icu/source/common/cmemory.h                                             249               214    14.06%          45                36    20.00%         248               217    12.50%          78                71     8.97%
intl/icu/source/common/cpputils.h                                             34                34     0.00%          12                12     0.00%          16                16     0.00%           6                 6     0.00%
intl/icu/source/common/cstring.cpp                                           182               171     6.04%          13                12     7.69%         184               164    10.87%          88                84     4.55%
intl/icu/source/common/dictbe.cpp                                            929               929     0.00%          34                34     0.00%         855               855     0.00%         396               396     0.00%
intl/icu/source/common/dictionarydata.cpp                                    187               187     0.00%           9                 9     0.00%         171               171     0.00%          84                84     0.00%
intl/icu/source/common/dictionarydata.h                                        3                 3     0.00%           3                 3     0.00%           3                 3     0.00%           0                 0         -
intl/icu/source/common/dtintrv.cpp                                            10                10     0.00%           6                 6     0.00%          18                18     0.00%           6                 6     0.00%
intl/icu/source/common/edits.cpp                                             508               508     0.00%          24                24     0.00%         631               631     0.00%         306               306     0.00%
intl/icu/source/common/emojiprops.cpp                                        156               156     0.00%          13                13     0.00%         157               157     0.00%          94                94     0.00%
intl/icu/source/common/emojiprops.h                                            2                 2     0.00%           2                 2     0.00%           4                 4     0.00%           0                 0         -
intl/icu/source/common/errorcode.cpp                                          10                10     0.00%           4                 4     0.00%          14                14     0.00%           2                 2     0.00%
intl/icu/source/common/filteredbrk.cpp                                       310               310     0.00%          54                54     0.00%         369               369     0.00%         162               162     0.00%
intl/icu/source/common/hash.h                                                128               128     0.00%          23                23     0.00%          91                91     0.00%          10                10     0.00%
intl/icu/source/common/loadednormalizer2impl.cpp                             251               251     0.00%          22                22     0.00%         232               232     0.00%         112               112     0.00%
intl/icu/source/common/localebuilder.cpp                                     388               388     0.00%          25                25     0.00%         367               367     0.00%         194               194     0.00%
intl/icu/source/common/locavailable.cpp                                      134               134     0.00%          14                14     0.00%         154               154     0.00%          52                52     0.00%
intl/icu/source/common/locbased.cpp                                           27                27     0.00%           4                 4     0.00%          32                32     0.00%          14                14     0.00%
intl/icu/source/common/locbased.h                                              2                 2     0.00%           2                 2     0.00%           4                 4     0.00%           0                 0         -
intl/icu/source/common/locdispnames.cpp                                      603               603     0.00%          22                22     0.00%         569               569     0.00%         250               250     0.00%
intl/icu/source/common/locdspnm.cpp                                          603               603     0.00%          52                52     0.00%         635               635     0.00%         342               342     0.00%
intl/icu/source/common/locid.cpp                                            1556              1556     0.00%         132               132     0.00%        1646              1646     0.00%         668               668     0.00%
intl/icu/source/common/loclikely.cpp                                         631               631     0.00%          17                17     0.00%         873               873     0.00%         318               318     0.00%
intl/icu/source/common/locmap.cpp                                            125               125     0.00%           6                 6     0.00%         135               135     0.00%          70                70     0.00%
intl/icu/source/common/locresdata.cpp                                        116               116     0.00%           4                 4     0.00%         115               115     0.00%          50                50     0.00%
intl/icu/source/common/locutil.cpp                                           123               123     0.00%           7                 7     0.00%         137               137     0.00%          58                58     0.00%
intl/icu/source/common/lstmbe.cpp                                            420               420     0.00%          60                60     0.00%         450               450     0.00%         144               144     0.00%
intl/icu/source/common/messageimpl.h                                           1                 1     0.00%           1                 1     0.00%           3                 3     0.00%           0                 0         -
intl/icu/source/common/messagepattern.cpp                                    766               766     0.00%          49                49     0.00%         910               910     0.00%         538               538     0.00%
intl/icu/source/common/mutex.h                                                10                 0   100.00%           2                 0   100.00%           6                 0   100.00%           0                 0         -
intl/icu/source/common/norm2allmodes.h                                       132               132     0.00%          43                43     0.00%         243               243     0.00%          64                64     0.00%
intl/icu/source/common/normalizer2.cpp                                       264               264     0.00%          51                51     0.00%         363               363     0.00%         160               160     0.00%
intl/icu/source/common/normalizer2impl.cpp                                  2550              2550     0.00%          73                73     0.00%        2100              2100     0.00%        1500              1500     0.00%
intl/icu/source/common/normalizer2impl.h                                     247               247     0.00%          68                68     0.00%         272               272     0.00%         164               164     0.00%
intl/icu/source/common/parsepos.cpp                                            2                 2     0.00%           2                 2     0.00%           4                 4     0.00%           0                 0         -
intl/icu/source/common/patternprops.cpp                                      105               105     0.00%           8                 8     0.00%          94                94     0.00%          76                76     0.00%
intl/icu/source/common/propname.cpp                                          183               183     0.00%          19                19     0.00%         207               207     0.00%         102               102     0.00%
intl/icu/source/common/punycode.cpp                                          369               369     0.00%           6                 6     0.00%         314               314     0.00%         206               206     0.00%
intl/icu/source/common/putil.cpp                                             664               494    25.60%          53                37    30.19%         651               446    31.49%         292               239    18.15%
intl/icu/source/common/rbbi.cpp                                              650               650     0.00%          47                47     0.00%         654               654     0.00%         292               292     0.00%
intl/icu/source/common/rbbi_cache.cpp                                        355               355     0.00%          21                21     0.00%         429               429     0.00%         190               190     0.00%
intl/icu/source/common/rbbi_cache.h                                            5                 5     0.00%           2                 2     0.00%           9                 9     0.00%           2                 2     0.00%
intl/icu/source/common/rbbidata.cpp                                          206               206     0.00%          14                14     0.00%         222               222     0.00%          96                96     0.00%
intl/icu/source/common/rbbinode.cpp                                           69                69     0.00%           7                 7     0.00%         142               142     0.00%          48                48     0.00%
intl/icu/source/common/rbbirb.cpp                                             91                91     0.00%           7                 7     0.00%         173               173     0.00%          46                46     0.00%
intl/icu/source/common/rbbiscan.cpp                                          459               459     0.00%          14                14     0.00%         685               685     0.00%         304               304     0.00%
intl/icu/source/common/rbbiscan.h                                              1                 1     0.00%           1                 1     0.00%           1                 1     0.00%           0                 0         -
intl/icu/source/common/rbbisetb.cpp                                          218               218     0.00%          18                18     0.00%         297               297     0.00%         122               122     0.00%
intl/icu/source/common/rbbistbl.cpp                                           88                88     0.00%          10                10     0.00%         102               102     0.00%          26                26     0.00%
intl/icu/source/common/rbbitblb.cpp                                          713               713     0.00%          35                35     0.00%        1011              1011     0.00%         482               482     0.00%
intl/icu/source/common/resbund.cpp                                           221               221     0.00%          30                30     0.00%         168               168     0.00%          28                28     0.00%
intl/icu/source/common/resource.cpp                                            2                 2     0.00%           2                 2     0.00%           2                 2     0.00%           0                 0         -
intl/icu/source/common/resource.h                                             10                10     0.00%          10                10     0.00%          18                18     0.00%           0                 0         -
intl/icu/source/common/restrace.h                                             10                 3    70.00%          10                 3    70.00%          10                 3    70.00%           0                 0         -
intl/icu/source/common/ruleiter.cpp                                           81                81     0.00%          10                10     0.00%         100               100     0.00%          52                52     0.00%
intl/icu/source/common/ruleiter.h                                              1                 1     0.00%           1                 1     0.00%           3                 3     0.00%           0                 0         -
intl/icu/source/common/schriter.cpp                                           23                23     0.00%          11                11     0.00%          45                45     0.00%          12                12     0.00%
intl/icu/source/common/serv.cpp                                              342               342     0.00%          64                64     0.00%         555               555     0.00%         196               196     0.00%
intl/icu/source/common/servlk.cpp                                             57                57     0.00%          13                13     0.00%          83                83     0.00%          30                30     0.00%
intl/icu/source/common/servlkf.cpp                                            29                29     0.00%           9                 9     0.00%          59                59     0.00%          14                14     0.00%
intl/icu/source/common/servls.cpp                                             78                78     0.00%          24                24     0.00%         147               147     0.00%          40                40     0.00%
intl/icu/source/common/servnotf.cpp                                           44                44     0.00%           6                 6     0.00%          69                69     0.00%          30                30     0.00%
intl/icu/source/common/servrbf.cpp                                            15                15     0.00%           5                 5     0.00%          23                23     0.00%           6                 6     0.00%
intl/icu/source/common/servslkf.cpp                                           19                19     0.00%           5                 5     0.00%          31                31     0.00%          12                12     0.00%
intl/icu/source/common/sharedobject.cpp                                       16                16     0.00%           6                 6     0.00%          25                25     0.00%           8                 8     0.00%
intl/icu/source/common/sharedobject.h                                         22                22     0.00%           8                 8     0.00%          28                28     0.00%          12                12     0.00%
[...]
codecoverage/dist/include/mozilla/MemoryChecking.h                             0                 0         -           0                 0         -           0                 0         -           0                 0         -
codecoverage/dist/include/mozilla/StackWalk.h                                  0                 0         -           0                 0         -           0                 0         -           0                 0         -
codecoverage/dist/include/mozmemory_wrap.h                                     0                 0         -           0                 0         -           0                 0         -           0                 0         -
codecoverage/dist/include/unicode/platform.h                                   0                 0         -           0                 0         -           0                 0         -           0                 0         -
codecoverage/dist/include/unicode/putil.h                                      0                 0         -           0                 0         -           0                 0         -           0                 0         -
codecoverage/dist/include/unicode/stringoptions.h                              0                 0         -           0                 0         -           0                 0         -           0                 0         -
codecoverage/dist/include/unicode/ubidi.h                                      0                 0         -           0                 0         -           0                 0         -           0                 0         -
codecoverage/dist/include/unicode/ubrk.h                                       0                 0         -           0                 0         -           0                 0         -           0                 0         -
codecoverage/dist/include/unicode/uchar.h                                      0                 0         -           0                 0         -           0                 0         -           0                 0         -
codecoverage/dist/include/unicode/ucptrie.h                                    0                 0         -           0                 0         -           0                 0         -           0                 0         -
codecoverage/dist/include/unicode/uloc.h                                       0                 0         -           0                 0         -           0                 0         -           0                 0         -
codecoverage/dist/include/unicode/umachine.h                                   0                 0         -           0                 0         -           0                 0         -           0                 0         -
codecoverage/dist/include/unicode/unifilt.h                                    0                 0         -           0                 0         -           0                 0         -           0                 0         -
codecoverage/dist/include/unicode/urename.h                                    0                 0         -           0                 0         -           0                 0         -           0                 0         -
codecoverage/dist/include/unicode/ustringtrie.h                                0                 0         -           0                 0         -           0                 0         -           0                 0         -
codecoverage/dist/include/unicode/utext.h                                      0                 0         -           0                 0         -           0                 0         -           0                 0         -
codecoverage/dist/include/unicode/utf.h                                        0                 0         -           0                 0         -           0                 0         -           0                 0         -
codecoverage/dist/include/unicode/uvernum.h                                    0                 0         -           0                 0         -           0                 0         -           0                 0         -
codecoverage/dist/include/unicode/uversion.h                                   0                 0         -           0                 0         -           0                 0         -           0                 0         -
codecoverage/js/src/frontend/ReservedWordsGenerated.h                          0                 0         -           0                 0         -           0                 0         -           0                 0         -
codecoverage/js/src/js-confdefs.h                                              0                 0         -           0                 0         -           0                 0         -           0                 0         -
codecoverage/js/src/wasm/WasmIntrinsicGenerated.h                              0                 0         -           0                 0         -           0                 0         -           0                 0         -
intl/icu/source/common/cstring.h                                               0                 0         -           0                 0         -           0                 0         -           0                 0         -
intl/icu/source/common/locmap.h                                                0                 0         -           0                 0         -           0                 0         -           0                 0         -
intl/icu/source/common/propname.h                                              0                 0         -           0                 0         -           0                 0         -           0                 0         -
intl/icu/source/common/putilimp.h                                              0                 0         -           0                 0         -           0                 0         -           0                 0         -
intl/icu/source/common/uassert.h                                               0                 0         -           0                 0         -           0                 0         -           0                 0         -
intl/icu/source/common/ubidi_props.h                                           0                 0         -           0                 0         -           0                 0         -           0                 0         -
intl/icu/source/common/ubidiimp.h                                              0                 0         -           0                 0         -           0                 0         -           0                 0         -
intl/icu/source/common/ubrkimpl.h                                              0                 0         -           0                 0         -           0                 0         -           0                 0         -
intl/icu/source/common/ucase.h                                                 0                 0         -           0                 0         -           0                 0         -           0                 0         -
intl/icu/source/common/ucmndata.h                                              0                 0         -           0                 0         -           0                 0         -           0                 0         -
intl/icu/source/common/ucnv_io.h                                               0                 0         -           0                 0         -           0                 0         -           0                 0         -
intl/icu/source/common/ucol_data.h                                             0                 0         -           0                 0         -           0                 0         -           0                 0         -
intl/icu/source/common/ucptrie_impl.h                                          0                 0         -           0                 0         -           0                 0         -           0                 0         -
intl/icu/source/common/udataswp.h                                              0                 0         -           0                 0         -           0                 0         -           0                 0         -
intl/icu/source/common/uhash.h                                                 0                 0         -           0                 0         -           0                 0         -           0                 0         -
intl/icu/source/common/ulayout_props.h                                         0                 0         -           0                 0         -           0                 0         -           0                 0         -
intl/icu/source/common/unicode/caniter.h                                       0                 0         -           0                 0         -           0                 0         -           0                 0         -
intl/icu/source/common/unicode/platform.h                                      0                 0         -           0                 0         -           0                 0         -           0                 0         -
intl/icu/source/common/unicode/putil.h                                         0                 0         -           0                 0         -           0                 0         -           0                 0         -
intl/icu/source/common/unicode/stringoptions.h                                 0                 0         -           0                 0         -           0                 0         -           0                 0         -
intl/icu/source/common/unicode/ubidi.h                                         0                 0         -           0                 0         -           0                 0         -           0                 0         -
intl/icu/source/common/unicode/ubrk.h                                          0                 0         -           0                 0         -           0                 0         -           0                 0         -
intl/icu/source/common/unicode/uchar.h                                         0                 0         -           0                 0         -           0                 0         -           0                 0         -
intl/icu/source/common/unicode/ucnv.h                                          0                 0         -           0                 0         -           0                 0         -           0                 0         -
intl/icu/source/common/unicode/ucptrie.h                                       0                 0         -           0                 0         -           0                 0         -           0                 0         -
intl/icu/source/common/unicode/udata.h                                         0                 0         -           0                 0         -           0                 0         -           0                 0         -
intl/icu/source/common/unicode/uiter.h                                         0                 0         -           0                 0         -           0                 0         -           0                 0         -
intl/icu/source/common/unicode/uloc.h                                          0                 0         -           0                 0         -           0                 0         -           0                 0         -
intl/icu/source/common/unicode/umachine.h                                      0                 0         -           0                 0         -           0                 0         -           0                 0         -
intl/icu/source/common/unicode/urename.h                                       0                 0         -           0                 0         -           0                 0         -           0                 0         -
intl/icu/source/common/unicode/ustringtrie.h                                   0                 0         -           0                 0         -           0                 0         -           0                 0         -
intl/icu/source/common/unicode/utext.h                                         0                 0         -           0                 0         -           0                 0         -           0                 0         -
intl/icu/source/common/unicode/utf.h                                           0                 0         -           0                 0         -           0                 0         -           0                 0         -
intl/icu/source/common/unicode/utf16.h                                         0                 0         -           0                 0         -           0                 0         -           0                 0         -
intl/icu/source/common/unicode/utf8.h                                          0                 0         -           0                 0         -           0                 0         -           0                 0         -
intl/icu/source/common/unicode/uvernum.h                                       0                 0         -           0                 0         -           0                 0         -           0                 0         -
intl/icu/source/common/unicode/uversion.h                                      0                 0         -           0                 0         -           0                 0         -           0                 0         -
intl/icu/source/common/ureslocs.h                                              0                 0         -           0                 0         -           0                 0         -           0                 0         -
intl/icu/source/common/utracimp.h                                              0                 0         -           0                 0         -           0                 0         -           0                 0         -
intl/icu/source/common/utrie.h                                                 0                 0         -           0                 0         -           0                 0         -           0                 0         -
intl/icu/source/common/utrie2_impl.h                                           0                 0         -           0                 0         -           0                 0         -           0                 0         -
intl/icu/source/i18n/bocsu.h                                                   0                 0         -           0                 0         -           0                 0         -           0                 0         -
intl/icu/source/i18n/decContext.h                                              0                 0         -           0                 0         -           0                 0         -           0                 0         -
intl/icu/source/i18n/decNumber.h                                               0                 0         -           0                 0         -           0                 0         -           0                 0         -
intl/icu/source/i18n/decNumberLocal.h                                          0                 0         -           0                 0         -           0                 0         -           0                 0         -
intl/icu/source/i18n/dt_impl.h                                                 0                 0         -           0                 0         -           0                 0         -           0                 0         -
intl/icu/source/i18n/dtitv_impl.h                                              0                 0         -           0                 0         -           0                 0         -           0                 0         -
intl/icu/source/i18n/ucol_imp.h                                                0                 0         -           0                 0         -           0                 0         -           0                 0         -
js/src/builtin/SelfHostingDefines.h                                            0                 0         -           0                 0         -           0                 0         -           0                 0         -
js/src/builtin/intl/NumberingSystemsGenerated.h                                0                 0         -           0                 0         -           0                 0         -           0                 0         -
js/src/editline/editline.h                                                     0                 0         -           0                 0         -           0                 0         -           0                 0         -
js/src/frontend/ReservedWords.h                                                0                 0         -           0                 0         -           0                 0         -           0                 0         -
js/src/gc/GCEnum.h                                                             0                 0         -           0                 0         -           0                 0         -           0                 0         -
js/src/jit/BaselineICList.h                                                    0                 0         -           0                 0         -           0                 0         -           0                 0         -
js/src/jit/JitCommon.h                                                         0                 0         -           0                 0         -           0                 0         -           0                 0         -
js/src/util/UnicodeNonBMP.h                                                    0                 0         -           0                 0         -           0                 0         -           0                 0         -
js/src/vm/CommonPropertyNames.h                                                0                 0         -           0                 0         -           0                 0         -           0                 0         -
js/src/vm/Opcodes.h                                                            0                 0         -           0                 0         -           0                 0         -           0                 0         -
memory/build/mozjemalloc.h                                                     0                 0         -           0                 0         -           0                 0         -           0                 0         -
memory/build/mozmemory_wrap.h                                                  0                 0         -           0                 0         -           0                 0         -           0                 0         -
mfbt/lz4/lz4.h                                                                 0                 0         -           0                 0         -           0                 0         -           0                 0         -
mfbt/lz4/lz4frame.h                                                            0                 0         -           0                 0         -           0                 0         -           0                 0         -
mfbt/lz4/lz4hc.h                                                               0                 0         -           0                 0         -           0                 0         -           0                 0         -
------------------------------------------------------------------------------------------------------------------------------------------------------------------------------------------------------------------------------------------------------------------------------
TOTAL                                                                     492909            384236    22.05%       58719             39258    33.14%      574325            446811    22.20%      236080            194950    17.42%
